alexey
kutsenko
5eadca3327114442e84bd487f0f2761c
[23.4.2021 | 17:23:35] {"type":"cmd","data":"run"}
,[23.4.2021 | 17:23:36] {"client-id":"4e1984a0-6db4-44f4-8d29-420be02391a2","gpioa":0,"gpiob":0,"gpioc":32768,"gpiod":16384,"gpioe":0,"modeltime":0,"type":"gpio"}
,[23.4.2021 | 17:23:36] {"client-id":"4e1984a0-6db4-44f4-8d29-420be02391a2","gpioa":0,"gpiob":0,"gpioc":32768,"gpiod":16384,"gpioe":0,"modeltime":0,"type":"gpio"}
,[23.4.2021 | 17:23:36] {"client-id":"4e1984a0-6db4-44f4-8d29-420be02391a2","gpioa":0,"gpiob":0,"gpioc":32768,"gpiod":16384,"gpioe":0,"modeltime":0,"type":"gpio"}
,[23.4.2021 | 17:23:36] {"client-id":"4e1984a0-6db4-44f4-8d29-420be02391a2","gpioa":0,"gpiob":0,"gpioc":32768,"gpiod":16384,"gpioe":0,"modeltime":0,"type":"gpio"}
,[23.4.2021 | 17:23:36] {"client-id":"4e1984a0-6db4-44f4-8d29-420be02391a2","gpioa":0,"gpiob":0,"gpioc":32768,"gpiod":16384,"gpioe":0,"modeltime":0,"type":"gpio"}
,[23.4.2021 | 17:23:36] {"client-id":"4e1984a0-6db4-44f4-8d29-420be02391a2","gpioa":0,"gpiob":0,"gpioc":32768,"gpiod":16384,"gpioe":0,"modeltime":0,"type":"gpio"}
,[23.4.2021 | 17:23:36] {"client-id":"4e1984a0-6db4-44f4-8d29-420be02391a2","gpioa":0,"gpiob":0,"gpioc":32768,"gpiod":16384,"gpioe":0,"modeltime":0,"type":"gpio"}
,[23.4.2021 | 17:23:36] {"client-id":"4e1984a0-6db4-44f4-8d29-420be02391a2","gpioa":0,"gpiob":0,"gpioc":32768,"gpiod":16384,"gpioe":0,"modeltime":0,"type":"gpio"}
,[23.4.2021 | 17:23:36] {"client-id":"4e1984a0-6db4-44f4-8d29-420be02391a2","gpioa":0,"gpiob":0,"gpioc":32768,"gpiod":16384,"gpioe":0,"modeltime":0,"type":"gpio"}
,[23.4.2021 | 17:23:36] {"client-id":"4e1984a0-6db4-44f4-8d29-420be02391a2","gpioa":0,"gpiob":0,"gpioc":32768,"gpiod":16384,"gpioe":0,"modeltime":0,"type":"gpio"}
,[23.4.2021 | 17:23:36] {"client-id":"4e1984a0-6db4-44f4-8d29-420be02391a2","gpioa":0,"gpiob":0,"gpioc":32768,"gpiod":16384,"gpioe":0,"modeltime":0,"type":"gpio"}
,[23.4.2021 | 17:23:37] {"client-id":"4e1984a0-6db4-44f4-8d29-420be02391a2","gpioa":0,"gpiob":0,"gpioc":32768,"gpiod":16384,"gpioe":0,"modeltime":0,"type":"gpio"}
,[23.4.2021 | 17:23:37] {"client-id":"4e1984a0-6db4-44f4-8d29-420be02391a2","gpioa":0,"gpiob":0,"gpioc":32768,"gpiod":16384,"gpioe":0,"modeltime":0,"type":"gpio"}
,[23.4.2021 | 17:23:37] {"client-id":"4e1984a0-6db4-44f4-8d29-420be02391a2","gpioa":0,"gpiob":0,"gpioc":32768,"gpiod":16384,"gpioe":0,"modeltime":0,"type":"gpio"}
,[23.4.2021 | 17:23:37] {"client-id":"4e1984a0-6db4-44f4-8d29-420be02391a2","gpioa":0,"gpiob":0,"gpioc":32768,"gpiod":16384,"gpioe":0,"modeltime":0,"type":"gpio"}
,[23.4.2021 | 17:23:37] {"client-id":"4e1984a0-6db4-44f4-8d29-420be02391a2","gpioa":0,"gpiob":0,"gpioc":32768,"gpiod":16384,"gpioe":0,"modeltime":0,"type":"gpio"}
,[23.4.2021 | 17:23:37] {"client-id":"4e1984a0-6db4-44f4-8d29-420be02391a2","gpioa":0,"gpiob":0,"gpioc":32768,"gpiod":16384,"gpioe":0,"modeltime":0,"type":"gpio"}
,[23.4.2021 | 17:23:37] {"client-id":"4e1984a0-6db4-44f4-8d29-420be02391a2","gpioa":0,"gpiob":0,"gpioc":32768,"gpiod":16384,"gpioe":0,"modeltime":0,"type":"gpio"}
,[23.4.2021 | 17:23:37] {"client-id":"4e1984a0-6db4-44f4-8d29-420be02391a2","gpioa":0,"gpiob":0,"gpioc":0,"gpiod":16384,"gpioe":0,"modeltime":0,"type":"gpio"}
,[23.4.2021 | 17:23:37] {"client-id":"4e1984a0-6db4-44f4-8d29-420be02391a2","gpioa":0,"gpiob":0,"gpioc":0,"gpiod":16384,"gpioe":0,"modeltime":0,"type":"gpio"}
,[23.4.2021 | 17:23:37] {"client-id":"4e1984a0-6db4-44f4-8d29-420be02391a2","gpioa":0,"gpiob":0,"gpioc":0,"gpiod":16384,"gpioe":0,"modeltime":0,"type":"gpio"}
,[23.4.2021 | 17:23:38] {"client-id":"4e1984a0-6db4-44f4-8d29-420be02391a2","gpioa":0,"gpiob":0,"gpioc":0,"gpiod":16384,"gpioe":0,"modeltime":0,"type":"gpio"}
,[23.4.2021 | 17:23:38] {"client-id":"4e1984a0-6db4-44f4-8d29-420be02391a2","gpioa":0,"gpiob":0,"gpioc":0,"gpiod":16384,"gpioe":0,"modeltime":0,"type":"gpio"}
,[23.4.2021 | 17:23:38] {"client-id":"4e1984a0-6db4-44f4-8d29-420be02391a2","gpioa":0,"gpiob":0,"gpioc":32768,"gpiod":16384,"gpioe":0,"modeltime":0,"type":"gpio"}
,[23.4.2021 | 17:23:38] {"client-id":"4e1984a0-6db4-44f4-8d29-420be02391a2","gpioa":0,"gpiob":0,"gpioc":32768,"gpiod":16384,"gpioe":0,"modeltime":0,"type":"gpio"}
,[23.4.2021 | 17:23:38] {"client-id":"4e1984a0-6db4-44f4-8d29-420be02391a2","gpioa":0,"gpiob":0,"gpioc":32768,"gpiod":16384,"gpioe":0,"modeltime":0,"type":"gpio"}
,[23.4.2021 | 17:23:38] {"client-id":"4e1984a0-6db4-44f4-8d29-420be02391a2","gpioa":0,"gpiob":0,"gpioc":32768,"gpiod":16384,"gpioe":0,"modeltime":0,"type":"gpio"}
,[23.4.2021 | 17:23:38] {"client-id":"4e1984a0-6db4-44f4-8d29-420be02391a2","gpioa":0,"gpiob":0,"gpioc":32768,"gpiod":16384,"gpioe":0,"modeltime":0,"type":"gpio"}
,[23.4.2021 | 17:23:38] {"client-id":"4e1984a0-6db4-44f4-8d29-420be02391a2","gpioa":0,"gpiob":0,"gpioc":32768,"gpiod":16384,"gpioe":0,"modeltime":0,"type":"gpio"}
,[23.4.2021 | 17:23:38] {"client-id":"4e1984a0-6db4-44f4-8d29-420be02391a2","gpioa":0,"gpiob":0,"gpioc":32768,"gpiod":16384,"gpioe":0,"modeltime":0,"type":"gpio"}
,[23.4.2021 | 17:23:39] {"client-id":"4e1984a0-6db4-44f4-8d29-420be02391a2","gpioa":0,"gpiob":0,"gpioc":32768,"gpiod":16384,"gpioe":0,"modeltime":0,"type":"gpio"}
,[23.4.2021 | 17:23:39] {"client-id":"4e1984a0-6db4-44f4-8d29-420be02391a2","gpioa":0,"gpiob":0,"gpioc":32768,"gpiod":16384,"gpioe":0,"modeltime":0,"type":"gpio"}
,[23.4.2021 | 17:23:39] {"client-id":"4e1984a0-6db4-44f4-8d29-420be02391a2","gpioa":0,"gpiob":0,"gpioc":32768,"gpiod":16384,"gpioe":256,"modeltime":0,"type":"gpio"}
,[23.4.2021 | 17:23:39] {"client-id":"4e1984a0-6db4-44f4-8d29-420be02391a2","gpioa":0,"gpiob":0,"gpioc":32768,"gpiod":16384,"gpioe":256,"modeltime":0,"type":"gpio"}
,[23.4.2021 | 17:23:39] {"client-id":"4e1984a0-6db4-44f4-8d29-420be02391a2","gpioa":0,"gpiob":0,"gpioc":32768,"gpiod":16384,"gpioe":256,"modeltime":0,"type":"gpio"}
,[23.4.2021 | 17:23:39] {"client-id":"4e1984a0-6db4-44f4-8d29-420be02391a2","gpioa":0,"gpiob":0,"gpioc":32768,"gpiod":16400,"gpioe":256,"modeltime":0,"type":"gpio"}
,[23.4.2021 | 17:23:39] {"client-id":"4e1984a0-6db4-44f4-8d29-420be02391a2","gpioa":0,"gpiob":0,"gpioc":32768,"gpiod":16400,"gpioe":256,"modeltime":0,"type":"gpio"}
,[23.4.2021 | 17:23:39] {"client-id":"4e1984a0-6db4-44f4-8d29-420be02391a2","gpioa":0,"gpiob":0,"gpioc":32768,"gpiod":16400,"gpioe":256,"modeltime":0,"type":"gpio"}
,[23.4.2021 | 17:23:39] {"client-id":"4e1984a0-6db4-44f4-8d29-420be02391a2","gpioa":0,"gpiob":0,"gpioc":32768,"gpiod":16400,"gpioe":256,"modeltime":0,"type":"gpio"}
,[23.4.2021 | 17:23:39] {"client-id":"4e1984a0-6db4-44f4-8d29-420be02391a2","gpioa":0,"gpiob":0,"gpioc":32768,"gpiod":16400,"gpioe":4352,"modeltime":0,"type":"gpio"}
,[23.4.2021 | 17:23:39] {"client-id":"4e1984a0-6db4-44f4-8d29-420be02391a2","gpioa":0,"gpiob":0,"gpioc":32768,"gpiod":0,"gpioe":4352,"modeltime":0,"type":"gpio"}
,[23.4.2021 | 17:23:40] {"client-id":"4e1984a0-6db4-44f4-8d29-420be02391a2","gpioa":0,"gpiob":0,"gpioc":32768,"gpiod":0,"gpioe":4352,"modeltime":0,"type":"gpio"}
,[23.4.2021 | 17:23:40] {"client-id":"4e1984a0-6db4-44f4-8d29-420be02391a2","gpioa":0,"gpiob":0,"gpioc":32768,"gpiod":0,"gpioe":4352,"modeltime":0,"type":"gpio"}
,[23.4.2021 | 17:23:40] {"client-id":"4e1984a0-6db4-44f4-8d29-420be02391a2","gpioa":0,"gpiob":0,"gpioc":32768,"gpiod":0,"gpioe":4352,"modeltime":0,"type":"gpio"}
,[23.4.2021 | 17:23:40] {"client-id":"4e1984a0-6db4-44f4-8d29-420be02391a2","gpioa":0,"gpiob":0,"gpioc":32768,"gpiod":0,"gpioe":4352,"modeltime":0,"type":"gpio"}
,[23.4.2021 | 17:23:40] {"client-id":"4e1984a0-6db4-44f4-8d29-420be02391a2","gpioa":0,"gpiob":0,"gpioc":32768,"gpiod":0,"gpioe":4352,"modeltime":0,"type":"gpio"}
,[23.4.2021 | 17:23:40] {"client-id":"4e1984a0-6db4-44f4-8d29-420be02391a2","gpioa":0,"gpiob":0,"gpioc":32768,"gpiod":0,"gpioe":4352,"modeltime":0,"type":"gpio"}
,[23.4.2021 | 17:23:40] {"client-id":"4e1984a0-6db4-44f4-8d29-420be02391a2","gpioa":0,"gpiob":0,"gpioc":32768,"gpiod":0,"gpioe":4352,"modeltime":0,"type":"gpio"}
,[23.4.2021 | 17:23:40] {"client-id":"4e1984a0-6db4-44f4-8d29-420be02391a2","gpioa":0,"gpiob":0,"gpioc":32768,"gpiod":0,"gpioe":4352,"modeltime":0,"type":"gpio"}
,[23.4.2021 | 17:23:40] {"client-id":"4e1984a0-6db4-44f4-8d29-420be02391a2","gpioa":0,"gpiob":0,"gpioc":32768,"gpiod":0,"gpioe":4352,"modeltime":0,"type":"gpio"}
,[23.4.2021 | 17:23:40] {"client-id":"4e1984a0-6db4-44f4-8d29-420be02391a2","gpioa":0,"gpiob":0,"gpioc":32768,"gpiod":8192,"gpioe":4352,"modeltime":0,"type":"gpio"}
,[23.4.2021 | 17:23:41] {"client-id":"4e1984a0-6db4-44f4-8d29-420be02391a2","gpioa":0,"gpiob":0,"gpioc":32768,"gpiod":8192,"gpioe":4352,"modeltime":0,"type":"gpio"}
,[23.4.2021 | 17:23:41] {"client-id":"4e1984a0-6db4-44f4-8d29-420be02391a2","gpioa":0,"gpiob":0,"gpioc":32768,"gpiod":8192,"gpioe":4352,"modeltime":0,"type":"gpio"}
,[23.4.2021 | 17:23:41] {"client-id":"4e1984a0-6db4-44f4-8d29-420be02391a2","gpioa":0,"gpiob":0,"gpioc":32768,"gpiod":8192,"gpioe":4352,"modeltime":0,"type":"gpio"}
,[23.4.2021 | 17:23:41] {"client-id":"4e1984a0-6db4-44f4-8d29-420be02391a2","gpioa":0,"gpiob":0,"gpioc":32768,"gpiod":8192,"gpioe":4352,"modeltime":0,"type":"gpio"}
,[23.4.2021 | 17:23:41] {"client-id":"4e1984a0-6db4-44f4-8d29-420be02391a2","gpioa":0,"gpiob":0,"gpioc":32768,"gpiod":8200,"gpioe":4352,"modeltime":0,"type":"gpio"}
,[23.4.2021 | 17:23:41] {"client-id":"4e1984a0-6db4-44f4-8d29-420be02391a2","gpioa":0,"gpiob":0,"gpioc":32768,"gpiod":8200,"gpioe":4352,"modeltime":0,"type":"gpio"}
,[23.4.2021 | 17:23:41] {"client-id":"4e1984a0-6db4-44f4-8d29-420be02391a2","gpioa":0,"gpiob":0,"gpioc":32768,"gpiod":8200,"gpioe":4352,"modeltime":0,"type":"gpio"}
,[23.4.2021 | 17:23:41] {"client-id":"4e1984a0-6db4-44f4-8d29-420be02391a2","gpioa":0,"gpiob":0,"gpioc":32768,"gpiod":8200,"gpioe":4352,"modeltime":0,"type":"gpio"}
,[23.4.2021 | 17:23:41] {"client-id":"4e1984a0-6db4-44f4-8d29-420be02391a2","gpioa":0,"gpiob":0,"gpioc":32768,"gpiod":8200,"gpioe":4352,"modeltime":0,"type":"gpio"}
,[23.4.2021 | 17:23:41] {"client-id":"4e1984a0-6db4-44f4-8d29-420be02391a2","gpioa":0,"gpiob":0,"gpioc":32768,"gpiod":8200,"gpioe":4352,"modeltime":0,"type":"gpio"}
,[23.4.2021 | 17:23:42] {"client-id":"4e1984a0-6db4-44f4-8d29-420be02391a2","gpioa":0,"gpiob":0,"gpioc":32768,"gpiod":8200,"gpioe":4352,"modeltime":0,"type":"gpio"}
,[23.4.2021 | 17:23:42] {"client-id":"4e1984a0-6db4-44f4-8d29-420be02391a2","gpioa":0,"gpiob":0,"gpioc":32768,"gpiod":8200,"gpioe":4352,"modeltime":0,"type":"gpio"}
,[23.4.2021 | 17:23:42] {"client-id":"4e1984a0-6db4-44f4-8d29-420be02391a2","gpioa":0,"gpiob":0,"gpioc":32768,"gpiod":8200,"gpioe":4352,"modeltime":0,"type":"gpio"}
,[23.4.2021 | 17:23:42] {"client-id":"4e1984a0-6db4-44f4-8d29-420be02391a2","gpioa":0,"gpiob":0,"gpioc":32768,"gpiod":8200,"gpioe":4352,"modeltime":0,"type":"gpio"}
,[23.4.2021 | 17:23:42] {"client-id":"4e1984a0-6db4-44f4-8d29-420be02391a2","gpioa":0,"gpiob":0,"gpioc":32768,"gpiod":8216,"gpioe":4352,"modeltime":0,"type":"gpio"}
,[23.4.2021 | 17:23:42] {"client-id":"4e1984a0-6db4-44f4-8d29-420be02391a2","gpioa":0,"gpiob":0,"gpioc":32768,"gpiod":8216,"gpioe":4352,"modeltime":0,"type":"gpio"}
,[23.4.2021 | 17:23:42] {"client-id":"4e1984a0-6db4-44f4-8d29-420be02391a2","gpioa":0,"gpiob":0,"gpioc":32768,"gpiod":8216,"gpioe":4352,"modeltime":0,"type":"gpio"}
,[23.4.2021 | 17:23:42] {"client-id":"4e1984a0-6db4-44f4-8d29-420be02391a2","gpioa":0,"gpiob":0,"gpioc":32768,"gpiod":8216,"gpioe":4352,"modeltime":0,"type":"gpio"}
,[23.4.2021 | 17:23:42] {"client-id":"4e1984a0-6db4-44f4-8d29-420be02391a2","gpioa":0,"gpiob":0,"gpioc":32768,"gpiod":8216,"gpioe":4352,"modeltime":0,"type":"gpio"}
,[23.4.2021 | 17:23:42] {"client-id":"4e1984a0-6db4-44f4-8d29-420be02391a2","gpioa":0,"gpiob":0,"gpioc":32768,"gpiod":8216,"gpioe":4352,"modeltime":0,"type":"gpio"}
,[23.4.2021 | 17:23:43] {"client-id":"4e1984a0-6db4-44f4-8d29-420be02391a2","gpioa":0,"gpiob":0,"gpioc":32768,"gpiod":8216,"gpioe":4352,"modeltime":0,"type":"gpio"}
,[23.4.2021 | 17:23:43] {"client-id":"4e1984a0-6db4-44f4-8d29-420be02391a2","gpioa":0,"gpiob":0,"gpioc":32768,"gpiod":8216,"gpioe":4352,"modeltime":0,"type":"gpio"}
,[23.4.2021 | 17:23:43] {"client-id":"4e1984a0-6db4-44f4-8d29-420be02391a2","gpioa":0,"gpiob":0,"gpioc":32768,"gpiod":8216,"gpioe":4352,"modeltime":0,"type":"gpio"}
,[23.4.2021 | 17:23:43] {"client-id":"4e1984a0-6db4-44f4-8d29-420be02391a2","gpioa":0,"gpiob":0,"gpioc":32768,"gpiod":8216,"gpioe":4352,"modeltime":0,"type":"gpio"}
,[23.4.2021 | 17:23:43] {"client-id":"4e1984a0-6db4-44f4-8d29-420be02391a2","gpioa":0,"gpiob":0,"gpioc":32768,"gpiod":8216,"gpioe":4352,"modeltime":0,"type":"gpio"}
,[23.4.2021 | 17:23:43] {"client-id":"4e1984a0-6db4-44f4-8d29-420be02391a2","gpioa":0,"gpiob":0,"gpioc":32768,"gpiod":8216,"gpioe":4352,"modeltime":0,"type":"gpio"}
,[23.4.2021 | 17:23:43] {"client-id":"4e1984a0-6db4-44f4-8d29-420be02391a2","gpioa":0,"gpiob":0,"gpioc":32768,"gpiod":8216,"gpioe":4352,"modeltime":0,"type":"gpio"}
,[23.4.2021 | 17:23:43] {"client-id":"4e1984a0-6db4-44f4-8d29-420be02391a2","gpioa":0,"gpiob":0,"gpioc":32768,"gpiod":8216,"gpioe":4352,"modeltime":0,"type":"gpio"}
,[23.4.2021 | 17:23:43] {"client-id":"4e1984a0-6db4-44f4-8d29-420be02391a2","gpioa":0,"gpiob":0,"gpioc":32768,"gpiod":8216,"gpioe":4352,"modeltime":0,"type":"gpio"}
,[23.4.2021 | 17:23:43] {"client-id":"4e1984a0-6db4-44f4-8d29-420be02391a2","gpioa":0,"gpiob":0,"gpioc":32768,"gpiod":8248,"gpioe":4352,"modeltime":0,"type":"gpio"}
,[23.4.2021 | 17:23:44] {"client-id":"4e1984a0-6db4-44f4-8d29-420be02391a2","gpioa":0,"gpiob":0,"gpioc":32768,"gpiod":8248,"gpioe":4352,"modeltime":0,"type":"gpio"}
,[23.4.2021 | 17:23:44] {"client-id":"4e1984a0-6db4-44f4-8d29-420be02391a2","gpioa":0,"gpiob":0,"gpioc":32768,"gpiod":8248,"gpioe":4352,"modeltime":0,"type":"gpio"}
,[23.4.2021 | 17:23:44] {"client-id":"4e1984a0-6db4-44f4-8d29-420be02391a2","gpioa":0,"gpiob":0,"gpioc":32768,"gpiod":8248,"gpioe":4352,"modeltime":0,"type":"gpio"}
,[23.4.2021 | 17:23:44] {"client-id":"4e1984a0-6db4-44f4-8d29-420be02391a2","gpioa":0,"gpiob":0,"gpioc":32768,"gpiod":8248,"gpioe":4352,"modeltime":0,"type":"gpio"}
,[23.4.2021 | 17:23:44] {"client-id":"4e1984a0-6db4-44f4-8d29-420be02391a2","gpioa":0,"gpiob":0,"gpioc":32768,"gpiod":8248,"gpioe":4352,"modeltime":0,"type":"gpio"}
,[23.4.2021 | 17:23:44] {"client-id":"4e1984a0-6db4-44f4-8d29-420be02391a2","gpioa":0,"gpiob":0,"gpioc":32768,"gpiod":8248,"gpioe":4352,"modeltime":0,"type":"gpio"}
,[23.4.2021 | 17:23:44] {"client-id":"4e1984a0-6db4-44f4-8d29-420be02391a2","gpioa":0,"gpiob":0,"gpioc":32768,"gpiod":8248,"gpioe":4352,"modeltime":0,"type":"gpio"}
,[23.4.2021 | 17:23:44] {"client-id":"4e1984a0-6db4-44f4-8d29-420be02391a2","gpioa":0,"gpiob":0,"gpioc":32768,"gpiod":8248,"gpioe":4352,"modeltime":0,"type":"gpio"}
,[23.4.2021 | 17:23:44] {"client-id":"4e1984a0-6db4-44f4-8d29-420be02391a2","gpioa":0,"gpiob":0,"gpioc":32768,"gpiod":8248,"gpioe":4352,"modeltime":0,"type":"gpio"}
,[23.4.2021 | 17:23:44] {"client-id":"4e1984a0-6db4-44f4-8d29-420be02391a2","gpioa":0,"gpiob":0,"gpioc":32768,"gpiod":8312,"gpioe":4352,"modeltime":0,"type":"gpio"}
,[23.4.2021 | 17:23:45] {"client-id":"4e1984a0-6db4-44f4-8d29-420be02391a2","gpioa":0,"gpiob":0,"gpioc":32768,"gpiod":8312,"gpioe":4352,"modeltime":0,"type":"gpio"}
,[23.4.2021 | 17:23:45] {"client-id":"4e1984a0-6db4-44f4-8d29-420be02391a2","gpioa":0,"gpiob":0,"gpioc":32768,"gpiod":8312,"gpioe":4352,"modeltime":0,"type":"gpio"}
,[23.4.2021 | 17:23:45] {"client-id":"4e1984a0-6db4-44f4-8d29-420be02391a2","gpioa":0,"gpiob":0,"gpioc":32768,"gpiod":8312,"gpioe":4352,"modeltime":0,"type":"gpio"}
,[23.4.2021 | 17:23:45] {"client-id":"4e1984a0-6db4-44f4-8d29-420be02391a2","gpioa":0,"gpiob":0,"gpioc":32768,"gpiod":8312,"gpioe":4352,"modeltime":0,"type":"gpio"}
,[23.4.2021 | 17:23:45] {"client-id":"4e1984a0-6db4-44f4-8d29-420be02391a2","gpioa":0,"gpiob":0,"gpioc":32768,"gpiod":8312,"gpioe":4352,"modeltime":0,"type":"gpio"}
,[23.4.2021 | 17:23:45] {"client-id":"4e1984a0-6db4-44f4-8d29-420be02391a2","gpioa":0,"gpiob":0,"gpioc":32768,"gpiod":8312,"gpioe":4352,"modeltime":0,"type":"gpio"}
,[23.4.2021 | 17:23:45] {"client-id":"4e1984a0-6db4-44f4-8d29-420be02391a2","gpioa":0,"gpiob":0,"gpioc":32768,"gpiod":8312,"gpioe":4352,"modeltime":0,"type":"gpio"}
,[23.4.2021 | 17:23:45] {"client-id":"4e1984a0-6db4-44f4-8d29-420be02391a2","gpioa":0,"gpiob":0,"gpioc":32768,"gpiod":8312,"gpioe":4352,"modeltime":0,"type":"gpio"}
,[23.4.2021 | 17:23:45] {"client-id":"4e1984a0-6db4-44f4-8d29-420be02391a2","gpioa":0,"gpiob":0,"gpioc":32768,"gpiod":8312,"gpioe":4352,"modeltime":0,"type":"gpio"}
,[23.4.2021 | 17:23:45] {"client-id":"4e1984a0-6db4-44f4-8d29-420be02391a2","gpioa":0,"gpiob":0,"gpioc":32768,"gpiod":8312,"gpioe":4352,"modeltime":0,"type":"gpio"}
,[23.4.2021 | 17:23:46] {"client-id":"4e1984a0-6db4-44f4-8d29-420be02391a2","gpioa":0,"gpiob":0,"gpioc":32768,"gpiod":8312,"gpioe":4352,"modeltime":0,"type":"gpio"}
,[23.4.2021 | 17:23:46] {"client-id":"4e1984a0-6db4-44f4-8d29-420be02391a2","gpioa":0,"gpiob":0,"gpioc":32768,"gpiod":8312,"gpioe":4352,"modeltime":0,"type":"gpio"}
,[23.4.2021 | 17:23:46] {"client-id":"4e1984a0-6db4-44f4-8d29-420be02391a2","gpioa":0,"gpiob":0,"gpioc":32768,"gpiod":8312,"gpioe":4352,"modeltime":0,"type":"gpio"}
,[23.4.2021 | 17:23:46] {"client-id":"4e1984a0-6db4-44f4-8d29-420be02391a2","gpioa":0,"gpiob":0,"gpioc":32768,"gpiod":8312,"gpioe":4352,"modeltime":0,"type":"gpio"}
,[23.4.2021 | 17:23:46] {"client-id":"4e1984a0-6db4-44f4-8d29-420be02391a2","gpioa":0,"gpiob":0,"gpioc":32768,"gpiod":8568,"gpioe":4352,"modeltime":0,"type":"gpio"}
,[23.4.2021 | 17:23:46] {"client-id":"4e1984a0-6db4-44f4-8d29-420be02391a2","gpioa":0,"gpiob":0,"gpioc":32768,"gpiod":8568,"gpioe":4352,"modeltime":0,"type":"gpio"}
,[23.4.2021 | 17:23:46] {"client-id":"4e1984a0-6db4-44f4-8d29-420be02391a2","gpioa":0,"gpiob":0,"gpioc":32768,"gpiod":8568,"gpioe":4352,"modeltime":0,"type":"gpio"}
,[23.4.2021 | 17:23:46] {"client-id":"4e1984a0-6db4-44f4-8d29-420be02391a2","gpioa":0,"gpiob":0,"gpioc":32768,"gpiod":8568,"gpioe":4352,"modeltime":0,"type":"gpio"}
,[23.4.2021 | 17:23:46] {"client-id":"4e1984a0-6db4-44f4-8d29-420be02391a2","gpioa":0,"gpiob":0,"gpioc":32768,"gpiod":8568,"gpioe":4352,"modeltime":0,"type":"gpio"}
,[23.4.2021 | 17:23:46] {"client-id":"4e1984a0-6db4-44f4-8d29-420be02391a2","gpioa":0,"gpiob":0,"gpioc":32768,"gpiod":8568,"gpioe":4352,"modeltime":0,"type":"gpio"}
,[23.4.2021 | 17:23:47] {"client-id":"4e1984a0-6db4-44f4-8d29-420be02391a2","gpioa":0,"gpiob":0,"gpioc":32768,"gpiod":8568,"gpioe":4352,"modeltime":0,"type":"gpio"}
,[23.4.2021 | 17:23:47] {"client-id":"4e1984a0-6db4-44f4-8d29-420be02391a2","gpioa":0,"gpiob":0,"gpioc":32768,"gpiod":8568,"gpioe":4352,"modeltime":0,"type":"gpio"}
,[23.4.2021 | 17:23:47] {"client-id":"4e1984a0-6db4-44f4-8d29-420be02391a2","gpioa":0,"gpiob":0,"gpioc":32768,"gpiod":8568,"gpioe":4352,"modeltime":0,"type":"gpio"}
,[23.4.2021 | 17:23:47] {"client-id":"4e1984a0-6db4-44f4-8d29-420be02391a2","gpioa":0,"gpiob":0,"gpioc":32768,"gpiod":8568,"gpioe":4352,"modeltime":0,"type":"gpio"}
,[23.4.2021 | 17:23:47] {"client-id":"4e1984a0-6db4-44f4-8d29-420be02391a2","gpioa":0,"gpiob":0,"gpioc":32768,"gpiod":8568,"gpioe":4352,"modeltime":0,"type":"gpio"}
,[23.4.2021 | 17:23:47] {"client-id":"4e1984a0-6db4-44f4-8d29-420be02391a2","gpioa":0,"gpiob":0,"gpioc":32768,"gpiod":8568,"gpioe":4352,"modeltime":0,"type":"gpio"}
,[23.4.2021 | 17:23:47] {"client-id":"4e1984a0-6db4-44f4-8d29-420be02391a2","gpioa":0,"gpiob":0,"gpioc":32768,"gpiod":8568,"gpioe":4352,"modeltime":0,"type":"gpio"}
,[23.4.2021 | 17:23:47] {"client-id":"4e1984a0-6db4-44f4-8d29-420be02391a2","gpioa":0,"gpiob":0,"gpioc":32768,"gpiod":8568,"gpioe":4352,"modeltime":0,"type":"gpio"}
,[23.4.2021 | 17:23:47] {"client-id":"4e1984a0-6db4-44f4-8d29-420be02391a2","gpioa":0,"gpiob":0,"gpioc":32768,"gpiod":8568,"gpioe":4352,"modeltime":0,"type":"gpio"}
,[23.4.2021 | 17:23:47] {"client-id":"4e1984a0-6db4-44f4-8d29-420be02391a2","gpioa":0,"gpiob":0,"gpioc":32768,"gpiod":9080,"gpioe":4352,"modeltime":0,"type":"gpio"}
,[23.4.2021 | 17:23:48] {"client-id":"4e1984a0-6db4-44f4-8d29-420be02391a2","gpioa":0,"gpiob":0,"gpioc":32768,"gpiod":9080,"gpioe":4352,"modeltime":0,"type":"gpio"}
,[23.4.2021 | 17:23:48] {"client-id":"4e1984a0-6db4-44f4-8d29-420be02391a2","gpioa":0,"gpiob":0,"gpioc":32768,"gpiod":9080,"gpioe":4352,"modeltime":0,"type":"gpio"}
,[23.4.2021 | 17:23:48] {"client-id":"4e1984a0-6db4-44f4-8d29-420be02391a2","gpioa":0,"gpiob":0,"gpioc":32768,"gpiod":9080,"gpioe":4352,"modeltime":0,"type":"gpio"}
,[23.4.2021 | 17:23:48] {"client-id":"4e1984a0-6db4-44f4-8d29-420be02391a2","gpioa":0,"gpiob":0,"gpioc":32768,"gpiod":9080,"gpioe":4352,"modeltime":0,"type":"gpio"}
,[23.4.2021 | 17:23:48] {"client-id":"4e1984a0-6db4-44f4-8d29-420be02391a2","gpioa":0,"gpiob":0,"gpioc":32768,"gpiod":9080,"gpioe":4352,"modeltime":0,"type":"gpio"}
,[23.4.2021 | 17:23:48] {"client-id":"4e1984a0-6db4-44f4-8d29-420be02391a2","gpioa":0,"gpiob":0,"gpioc":32768,"gpiod":9080,"gpioe":4352,"modeltime":0,"type":"gpio"}
,[23.4.2021 | 17:23:48] {"client-id":"4e1984a0-6db4-44f4-8d29-420be02391a2","gpioa":0,"gpiob":0,"gpioc":32768,"gpiod":9080,"gpioe":4352,"modeltime":0,"type":"gpio"}
,[23.4.2021 | 17:23:48] {"client-id":"4e1984a0-6db4-44f4-8d29-420be02391a2","gpioa":0,"gpiob":0,"gpioc":32768,"gpiod":9080,"gpioe":4352,"modeltime":0,"type":"gpio"}
,[23.4.2021 | 17:23:48] {"client-id":"4e1984a0-6db4-44f4-8d29-420be02391a2","gpioa":0,"gpiob":0,"gpioc":32768,"gpiod":9080,"gpioe":4352,"modeltime":0,"type":"gpio"}
,[23.4.2021 | 17:23:48] {"client-id":"4e1984a0-6db4-44f4-8d29-420be02391a2","gpioa":0,"gpiob":0,"gpioc":32768,"gpiod":11128,"gpioe":4352,"modeltime":0,"type":"gpio"}
,[23.4.2021 | 17:23:49] {"client-id":"4e1984a0-6db4-44f4-8d29-420be02391a2","gpioa":0,"gpiob":0,"gpioc":32768,"gpiod":11128,"gpioe":4352,"modeltime":0,"type":"gpio"}
,[23.4.2021 | 17:23:49] {"client-id":"4e1984a0-6db4-44f4-8d29-420be02391a2","gpioa":0,"gpiob":0,"gpioc":32768,"gpiod":11128,"gpioe":4352,"modeltime":0,"type":"gpio"}
,[23.4.2021 | 17:23:49] {"client-id":"4e1984a0-6db4-44f4-8d29-420be02391a2","gpioa":0,"gpiob":0,"gpioc":32768,"gpiod":11128,"gpioe":4352,"modeltime":0,"type":"gpio"}
,[23.4.2021 | 17:23:49] {"client-id":"4e1984a0-6db4-44f4-8d29-420be02391a2","gpioa":0,"gpiob":0,"gpioc":32768,"gpiod":11128,"gpioe":4352,"modeltime":0,"type":"gpio"}
,[23.4.2021 | 17:23:49] {"client-id":"4e1984a0-6db4-44f4-8d29-420be02391a2","gpioa":0,"gpiob":0,"gpioc":32768,"gpiod":11128,"gpioe":4352,"modeltime":0,"type":"gpio"}
,[23.4.2021 | 17:23:49] {"client-id":"4e1984a0-6db4-44f4-8d29-420be02391a2","gpioa":0,"gpiob":0,"gpioc":32768,"gpiod":11128,"gpioe":4352,"modeltime":0,"type":"gpio"}
,[23.4.2021 | 17:23:49] {"client-id":"4e1984a0-6db4-44f4-8d29-420be02391a2","gpioa":0,"gpiob":0,"gpioc":32768,"gpiod":11128,"gpioe":4352,"modeltime":0,"type":"gpio"}
,[23.4.2021 | 17:23:49] {"client-id":"4e1984a0-6db4-44f4-8d29-420be02391a2","gpioa":0,"gpiob":0,"gpioc":32768,"gpiod":11128,"gpioe":4352,"modeltime":0,"type":"gpio"}
,[23.4.2021 | 17:23:49] {"client-id":"4e1984a0-6db4-44f4-8d29-420be02391a2","gpioa":0,"gpiob":0,"gpioc":32768,"gpiod":11128,"gpioe":4352,"modeltime":0,"type":"gpio"}
,[23.4.2021 | 17:23:49] {"client-id":"4e1984a0-6db4-44f4-8d29-420be02391a2","gpioa":0,"gpiob":0,"gpioc":32768,"gpiod":11128,"gpioe":4352,"modeltime":0,"type":"gpio"}
,[23.4.2021 | 17:23:50] {"client-id":"4e1984a0-6db4-44f4-8d29-420be02391a2","gpioa":0,"gpiob":0,"gpioc":32768,"gpiod":11128,"gpioe":4352,"modeltime":0,"type":"gpio"}
,[23.4.2021 | 17:23:50] {"client-id":"4e1984a0-6db4-44f4-8d29-420be02391a2","gpioa":0,"gpiob":0,"gpioc":32768,"gpiod":11128,"gpioe":4352,"modeltime":0,"type":"gpio"}
,[23.4.2021 | 17:23:50] {"client-id":"4e1984a0-6db4-44f4-8d29-420be02391a2","gpioa":0,"gpiob":0,"gpioc":32768,"gpiod":11128,"gpioe":4352,"modeltime":0,"type":"gpio"}
,[23.4.2021 | 17:23:50] {"client-id":"4e1984a0-6db4-44f4-8d29-420be02391a2","gpioa":0,"gpiob":0,"gpioc":32768,"gpiod":11128,"gpioe":4352,"modeltime":0,"type":"gpio"}
,[23.4.2021 | 17:23:50] {"client-id":"4e1984a0-6db4-44f4-8d29-420be02391a2","gpioa":0,"gpiob":0,"gpioc":32768,"gpiod":15224,"gpioe":4352,"modeltime":0,"type":"gpio"}
,[23.4.2021 | 17:23:50] {"client-id":"4e1984a0-6db4-44f4-8d29-420be02391a2","gpioa":0,"gpiob":0,"gpioc":32768,"gpiod":15224,"gpioe":4352,"modeltime":0,"type":"gpio"}
,[23.4.2021 | 17:23:50] {"client-id":"4e1984a0-6db4-44f4-8d29-420be02391a2","gpioa":0,"gpiob":0,"gpioc":32768,"gpiod":15224,"gpioe":4352,"modeltime":0,"type":"gpio"}
,[23.4.2021 | 17:23:50] {"client-id":"4e1984a0-6db4-44f4-8d29-420be02391a2","gpioa":0,"gpiob":0,"gpioc":32768,"gpiod":15224,"gpioe":4352,"modeltime":0,"type":"gpio"}
,[23.4.2021 | 17:23:50] {"client-id":"4e1984a0-6db4-44f4-8d29-420be02391a2","gpioa":0,"gpiob":0,"gpioc":32768,"gpiod":15224,"gpioe":4352,"modeltime":0,"type":"gpio"}
,[23.4.2021 | 17:23:50] {"client-id":"4e1984a0-6db4-44f4-8d29-420be02391a2","gpioa":0,"gpiob":0,"gpioc":32768,"gpiod":15224,"gpioe":4352,"modeltime":0,"type":"gpio"}
,[23.4.2021 | 17:23:51] {"client-id":"4e1984a0-6db4-44f4-8d29-420be02391a2","gpioa":0,"gpiob":0,"gpioc":32768,"gpiod":15224,"gpioe":4352,"modeltime":0,"type":"gpio"}
,[23.4.2021 | 17:23:51] {"client-id":"4e1984a0-6db4-44f4-8d29-420be02391a2","gpioa":0,"gpiob":0,"gpioc":32768,"gpiod":15224,"gpioe":4352,"modeltime":0,"type":"gpio"}
,[23.4.2021 | 17:23:51] {"client-id":"4e1984a0-6db4-44f4-8d29-420be02391a2","gpioa":0,"gpiob":0,"gpioc":32768,"gpiod":15224,"gpioe":4352,"modeltime":0,"type":"gpio"}
,[23.4.2021 | 17:23:51] {"client-id":"4e1984a0-6db4-44f4-8d29-420be02391a2","gpioa":0,"gpiob":0,"gpioc":32768,"gpiod":15224,"gpioe":4352,"modeltime":0,"type":"gpio"}
,[23.4.2021 | 17:23:51] {"client-id":"4e1984a0-6db4-44f4-8d29-420be02391a2","gpioa":0,"gpiob":0,"gpioc":32768,"gpiod":11128,"gpioe":4352,"modeltime":0,"type":"gpio"}
,[23.4.2021 | 17:23:51] {"client-id":"4e1984a0-6db4-44f4-8d29-420be02391a2","gpioa":0,"gpiob":0,"gpioc":32768,"gpiod":11128,"gpioe":4352,"modeltime":0,"type":"gpio"}
,[23.4.2021 | 17:23:51] {"client-id":"4e1984a0-6db4-44f4-8d29-420be02391a2","gpioa":0,"gpiob":0,"gpioc":32768,"gpiod":11128,"gpioe":4352,"modeltime":0,"type":"gpio"}
,[23.4.2021 | 17:23:51] {"client-id":"4e1984a0-6db4-44f4-8d29-420be02391a2","gpioa":0,"gpiob":0,"gpioc":32768,"gpiod":11128,"gpioe":4352,"modeltime":0,"type":"gpio"}
,[23.4.2021 | 17:23:51] {"client-id":"4e1984a0-6db4-44f4-8d29-420be02391a2","gpioa":0,"gpiob":0,"gpioc":32768,"gpiod":11128,"gpioe":4352,"modeltime":0,"type":"gpio"}
,[23.4.2021 | 17:23:51] {"client-id":"4e1984a0-6db4-44f4-8d29-420be02391a2","gpioa":0,"gpiob":0,"gpioc":32768,"gpiod":11128,"gpioe":4352,"modeltime":0,"type":"gpio"}
,[23.4.2021 | 17:23:52] {"client-id":"4e1984a0-6db4-44f4-8d29-420be02391a2","gpioa":0,"gpiob":0,"gpioc":32768,"gpiod":11128,"gpioe":4352,"modeltime":0,"type":"gpio"}
,[23.4.2021 | 17:23:52] {"client-id":"4e1984a0-6db4-44f4-8d29-420be02391a2","gpioa":0,"gpiob":0,"gpioc":32768,"gpiod":11128,"gpioe":4352,"modeltime":0,"type":"gpio"}
,[23.4.2021 | 17:23:52] {"client-id":"4e1984a0-6db4-44f4-8d29-420be02391a2","gpioa":0,"gpiob":0,"gpioc":32768,"gpiod":11128,"gpioe":4352,"modeltime":0,"type":"gpio"}
,[23.4.2021 | 17:23:52] {"client-id":"4e1984a0-6db4-44f4-8d29-420be02391a2","gpioa":0,"gpiob":0,"gpioc":32768,"gpiod":11128,"gpioe":4352,"modeltime":0,"type":"gpio"}
,[23.4.2021 | 17:23:52] {"client-id":"4e1984a0-6db4-44f4-8d29-420be02391a2","gpioa":0,"gpiob":0,"gpioc":32768,"gpiod":11128,"gpioe":4352,"modeltime":0,"type":"gpio"}
,[23.4.2021 | 17:23:52] {"client-id":"4e1984a0-6db4-44f4-8d29-420be02391a2","gpioa":0,"gpiob":0,"gpioc":32768,"gpiod":11128,"gpioe":4352,"modeltime":0,"type":"gpio"}
,[23.4.2021 | 17:23:52] {"client-id":"4e1984a0-6db4-44f4-8d29-420be02391a2","gpioa":0,"gpiob":0,"gpioc":32768,"gpiod":11128,"gpioe":4352,"modeltime":0,"type":"gpio"}
,[23.4.2021 | 17:23:52] {"client-id":"4e1984a0-6db4-44f4-8d29-420be02391a2","gpioa":0,"gpiob":0,"gpioc":32768,"gpiod":11128,"gpioe":4352,"modeltime":0,"type":"gpio"}
,[23.4.2021 | 17:23:52] {"client-id":"4e1984a0-6db4-44f4-8d29-420be02391a2","gpioa":0,"gpiob":0,"gpioc":32768,"gpiod":11128,"gpioe":4352,"modeltime":0,"type":"gpio"}
,[23.4.2021 | 17:23:52] {"client-id":"4e1984a0-6db4-44f4-8d29-420be02391a2","gpioa":0,"gpiob":0,"gpioc":32768,"gpiod":9080,"gpioe":4352,"modeltime":0,"type":"gpio"}
,[23.4.2021 | 17:23:53] {"client-id":"4e1984a0-6db4-44f4-8d29-420be02391a2","gpioa":0,"gpiob":0,"gpioc":32768,"gpiod":9080,"gpioe":4352,"modeltime":0,"type":"gpio"}
,[23.4.2021 | 17:23:53] {"client-id":"4e1984a0-6db4-44f4-8d29-420be02391a2","gpioa":0,"gpiob":0,"gpioc":32768,"gpiod":9080,"gpioe":4352,"modeltime":0,"type":"gpio"}
,[23.4.2021 | 17:23:53] {"client-id":"4e1984a0-6db4-44f4-8d29-420be02391a2","gpioa":0,"gpiob":0,"gpioc":32768,"gpiod":9080,"gpioe":4352,"modeltime":0,"type":"gpio"}
,[23.4.2021 | 17:23:53] {"client-id":"4e1984a0-6db4-44f4-8d29-420be02391a2","gpioa":0,"gpiob":0,"gpioc":32768,"gpiod":9080,"gpioe":4352,"modeltime":0,"type":"gpio"}
,[23.4.2021 | 17:23:53] {"client-id":"4e1984a0-6db4-44f4-8d29-420be02391a2","gpioa":0,"gpiob":0,"gpioc":32768,"gpiod":9080,"gpioe":4352,"modeltime":0,"type":"gpio"}
,[23.4.2021 | 17:23:53] {"client-id":"4e1984a0-6db4-44f4-8d29-420be02391a2","gpioa":0,"gpiob":0,"gpioc":32768,"gpiod":9080,"gpioe":4352,"modeltime":0,"type":"gpio"}
,[23.4.2021 | 17:23:53] {"client-id":"4e1984a0-6db4-44f4-8d29-420be02391a2","gpioa":0,"gpiob":0,"gpioc":32768,"gpiod":9080,"gpioe":4352,"modeltime":0,"type":"gpio"}
,[23.4.2021 | 17:23:53] {"client-id":"4e1984a0-6db4-44f4-8d29-420be02391a2","gpioa":0,"gpiob":0,"gpioc":32768,"gpiod":9080,"gpioe":4352,"modeltime":0,"type":"gpio"}
,[23.4.2021 | 17:23:53] {"client-id":"4e1984a0-6db4-44f4-8d29-420be02391a2","gpioa":0,"gpiob":0,"gpioc":32768,"gpiod":9080,"gpioe":4352,"modeltime":0,"type":"gpio"}
,[23.4.2021 | 17:23:53] {"client-id":"4e1984a0-6db4-44f4-8d29-420be02391a2","gpioa":0,"gpiob":0,"gpioc":32768,"gpiod":9080,"gpioe":4352,"modeltime":0,"type":"gpio"}
,[23.4.2021 | 17:23:54] {"client-id":"4e1984a0-6db4-44f4-8d29-420be02391a2","gpioa":0,"gpiob":0,"gpioc":32768,"gpiod":9080,"gpioe":4352,"modeltime":0,"type":"gpio"}
,[23.4.2021 | 17:23:54] {"client-id":"4e1984a0-6db4-44f4-8d29-420be02391a2","gpioa":0,"gpiob":0,"gpioc":32768,"gpiod":9080,"gpioe":4352,"modeltime":0,"type":"gpio"}
,[23.4.2021 | 17:23:54] {"client-id":"4e1984a0-6db4-44f4-8d29-420be02391a2","gpioa":0,"gpiob":0,"gpioc":32768,"gpiod":9080,"gpioe":4352,"modeltime":0,"type":"gpio"}
,[23.4.2021 | 17:23:54] {"client-id":"4e1984a0-6db4-44f4-8d29-420be02391a2","gpioa":0,"gpiob":0,"gpioc":32768,"gpiod":9080,"gpioe":4352,"modeltime":0,"type":"gpio"}
,[23.4.2021 | 17:23:54] {"client-id":"4e1984a0-6db4-44f4-8d29-420be02391a2","gpioa":0,"gpiob":0,"gpioc":32768,"gpiod":8568,"gpioe":4352,"modeltime":0,"type":"gpio"}
,[23.4.2021 | 17:23:54] {"client-id":"4e1984a0-6db4-44f4-8d29-420be02391a2","gpioa":0,"gpiob":0,"gpioc":32768,"gpiod":8568,"gpioe":4352,"modeltime":0,"type":"gpio"}
,[23.4.2021 | 17:23:54] {"client-id":"4e1984a0-6db4-44f4-8d29-420be02391a2","gpioa":0,"gpiob":0,"gpioc":32768,"gpiod":8568,"gpioe":4352,"modeltime":0,"type":"gpio"}
,[23.4.2021 | 17:23:54] {"client-id":"4e1984a0-6db4-44f4-8d29-420be02391a2","gpioa":0,"gpiob":0,"gpioc":32768,"gpiod":8568,"gpioe":4352,"modeltime":0,"type":"gpio"}
,[23.4.2021 | 17:23:54] {"client-id":"4e1984a0-6db4-44f4-8d29-420be02391a2","gpioa":0,"gpiob":0,"gpioc":32768,"gpiod":8568,"gpioe":4352,"modeltime":0,"type":"gpio"}
,[23.4.2021 | 17:23:54] {"client-id":"4e1984a0-6db4-44f4-8d29-420be02391a2","gpioa":0,"gpiob":0,"gpioc":32768,"gpiod":8568,"gpioe":4352,"modeltime":0,"type":"gpio"}
,[23.4.2021 | 17:23:55] {"client-id":"4e1984a0-6db4-44f4-8d29-420be02391a2","gpioa":0,"gpiob":0,"gpioc":32768,"gpiod":8568,"gpioe":4352,"modeltime":0,"type":"gpio"}
,[23.4.2021 | 17:23:55] {"client-id":"4e1984a0-6db4-44f4-8d29-420be02391a2","gpioa":0,"gpiob":0,"gpioc":32768,"gpiod":8568,"gpioe":4352,"modeltime":0,"type":"gpio"}
,[23.4.2021 | 17:23:55] {"client-id":"4e1984a0-6db4-44f4-8d29-420be02391a2","gpioa":0,"gpiob":0,"gpioc":32768,"gpiod":8568,"gpioe":4352,"modeltime":0,"type":"gpio"}
,[23.4.2021 | 17:23:55] {"client-id":"4e1984a0-6db4-44f4-8d29-420be02391a2","gpioa":0,"gpiob":0,"gpioc":32768,"gpiod":8568,"gpioe":4352,"modeltime":0,"type":"gpio"}
,[23.4.2021 | 17:23:55] {"client-id":"4e1984a0-6db4-44f4-8d29-420be02391a2","gpioa":0,"gpiob":0,"gpioc":32768,"gpiod":8312,"gpioe":4352,"modeltime":0,"type":"gpio"}
,[23.4.2021 | 17:23:55] {"client-id":"4e1984a0-6db4-44f4-8d29-420be02391a2","gpioa":0,"gpiob":0,"gpioc":32768,"gpiod":8312,"gpioe":4352,"modeltime":0,"type":"gpio"}
,[23.4.2021 | 17:23:55] {"client-id":"4e1984a0-6db4-44f4-8d29-420be02391a2","gpioa":0,"gpiob":0,"gpioc":32768,"gpiod":8312,"gpioe":4352,"modeltime":0,"type":"gpio"}
,[23.4.2021 | 17:23:55] {"client-id":"4e1984a0-6db4-44f4-8d29-420be02391a2","gpioa":0,"gpiob":0,"gpioc":32768,"gpiod":8312,"gpioe":4352,"modeltime":0,"type":"gpio"}
,[23.4.2021 | 17:23:55] {"client-id":"4e1984a0-6db4-44f4-8d29-420be02391a2","gpioa":0,"gpiob":0,"gpioc":32768,"gpiod":8312,"gpioe":4352,"modeltime":0,"type":"gpio"}
,[23.4.2021 | 17:23:55] {"client-id":"4e1984a0-6db4-44f4-8d29-420be02391a2","gpioa":0,"gpiob":0,"gpioc":32768,"gpiod":8312,"gpioe":4352,"modeltime":0,"type":"gpio"}
,[23.4.2021 | 17:23:56] {"client-id":"4e1984a0-6db4-44f4-8d29-420be02391a2","gpioa":0,"gpiob":0,"gpioc":32768,"gpiod":8312,"gpioe":4352,"modeltime":0,"type":"gpio"}
,[23.4.2021 | 17:23:56] {"client-id":"4e1984a0-6db4-44f4-8d29-420be02391a2","gpioa":0,"gpiob":0,"gpioc":32768,"gpiod":8312,"gpioe":4352,"modeltime":0,"type":"gpio"}
,[23.4.2021 | 17:23:56] {"client-id":"4e1984a0-6db4-44f4-8d29-420be02391a2","gpioa":0,"gpiob":0,"gpioc":32768,"gpiod":8312,"gpioe":4352,"modeltime":0,"type":"gpio"}
,[23.4.2021 | 17:23:56] {"client-id":"4e1984a0-6db4-44f4-8d29-420be02391a2","gpioa":0,"gpiob":0,"gpioc":32768,"gpiod":8312,"gpioe":4352,"modeltime":0,"type":"gpio"}
,[23.4.2021 | 17:23:56] {"client-id":"4e1984a0-6db4-44f4-8d29-420be02391a2","gpioa":0,"gpiob":0,"gpioc":32768,"gpiod":8312,"gpioe":4352,"modeltime":0,"type":"gpio"}
,[23.4.2021 | 17:23:56] {"client-id":"4e1984a0-6db4-44f4-8d29-420be02391a2","gpioa":0,"gpiob":0,"gpioc":32768,"gpiod":8312,"gpioe":4352,"modeltime":0,"type":"gpio"}
,[23.4.2021 | 17:23:56] {"client-id":"4e1984a0-6db4-44f4-8d29-420be02391a2","gpioa":0,"gpiob":0,"gpioc":32768,"gpiod":8312,"gpioe":4352,"modeltime":0,"type":"gpio"}
,[23.4.2021 | 17:23:56] {"client-id":"4e1984a0-6db4-44f4-8d29-420be02391a2","gpioa":0,"gpiob":0,"gpioc":32768,"gpiod":8312,"gpioe":4352,"modeltime":0,"type":"gpio"}
,[23.4.2021 | 17:23:56] {"client-id":"4e1984a0-6db4-44f4-8d29-420be02391a2","gpioa":0,"gpiob":0,"gpioc":32768,"gpiod":8312,"gpioe":4352,"modeltime":0,"type":"gpio"}
,[23.4.2021 | 17:23:56] {"client-id":"4e1984a0-6db4-44f4-8d29-420be02391a2","gpioa":0,"gpiob":0,"gpioc":32768,"gpiod":8248,"gpioe":4352,"modeltime":0,"type":"gpio"}
,[23.4.2021 | 17:23:57] {"client-id":"4e1984a0-6db4-44f4-8d29-420be02391a2","gpioa":0,"gpiob":0,"gpioc":32768,"gpiod":8248,"gpioe":4352,"modeltime":0,"type":"gpio"}
,[23.4.2021 | 17:23:57] {"client-id":"4e1984a0-6db4-44f4-8d29-420be02391a2","gpioa":0,"gpiob":0,"gpioc":32768,"gpiod":8248,"gpioe":4352,"modeltime":0,"type":"gpio"}
,[23.4.2021 | 17:23:57] {"client-id":"4e1984a0-6db4-44f4-8d29-420be02391a2","gpioa":0,"gpiob":0,"gpioc":32768,"gpiod":8248,"gpioe":4352,"modeltime":0,"type":"gpio"}
,[23.4.2021 | 17:23:57] {"client-id":"4e1984a0-6db4-44f4-8d29-420be02391a2","gpioa":0,"gpiob":0,"gpioc":32768,"gpiod":8248,"gpioe":4352,"modeltime":0,"type":"gpio"}
,[23.4.2021 | 17:23:57] {"client-id":"4e1984a0-6db4-44f4-8d29-420be02391a2","gpioa":0,"gpiob":0,"gpioc":32768,"gpiod":8248,"gpioe":4352,"modeltime":0,"type":"gpio"}
,[23.4.2021 | 17:23:57] {"client-id":"4e1984a0-6db4-44f4-8d29-420be02391a2","gpioa":0,"gpiob":0,"gpioc":32768,"gpiod":8248,"gpioe":4352,"modeltime":0,"type":"gpio"}
,[23.4.2021 | 17:23:57] {"client-id":"4e1984a0-6db4-44f4-8d29-420be02391a2","gpioa":0,"gpiob":0,"gpioc":32768,"gpiod":8248,"gpioe":4352,"modeltime":0,"type":"gpio"}
,[23.4.2021 | 17:23:57] {"client-id":"4e1984a0-6db4-44f4-8d29-420be02391a2","gpioa":0,"gpiob":0,"gpioc":32768,"gpiod":8248,"gpioe":4352,"modeltime":0,"type":"gpio"}
,[23.4.2021 | 17:23:57] {"client-id":"4e1984a0-6db4-44f4-8d29-420be02391a2","gpioa":0,"gpiob":0,"gpioc":32768,"gpiod":8248,"gpioe":4352,"modeltime":0,"type":"gpio"}
,[23.4.2021 | 17:23:57] {"client-id":"4e1984a0-6db4-44f4-8d29-420be02391a2","gpioa":0,"gpiob":0,"gpioc":32768,"gpiod":8216,"gpioe":4352,"modeltime":0,"type":"gpio"}
,[23.4.2021 | 17:23:58] {"client-id":"4e1984a0-6db4-44f4-8d29-420be02391a2","gpioa":0,"gpiob":0,"gpioc":32768,"gpiod":8216,"gpioe":4352,"modeltime":0,"type":"gpio"}
,[23.4.2021 | 17:23:58] {"client-id":"4e1984a0-6db4-44f4-8d29-420be02391a2","gpioa":0,"gpiob":0,"gpioc":32768,"gpiod":8216,"gpioe":4352,"modeltime":0,"type":"gpio"}
,[23.4.2021 | 17:23:58] {"client-id":"4e1984a0-6db4-44f4-8d29-420be02391a2","gpioa":0,"gpiob":0,"gpioc":32768,"gpiod":8216,"gpioe":4352,"modeltime":0,"type":"gpio"}
,[23.4.2021 | 17:23:58] {"client-id":"4e1984a0-6db4-44f4-8d29-420be02391a2","gpioa":0,"gpiob":0,"gpioc":32768,"gpiod":8216,"gpioe":4352,"modeltime":0,"type":"gpio"}
,[23.4.2021 | 17:23:58] {"client-id":"4e1984a0-6db4-44f4-8d29-420be02391a2","gpioa":0,"gpiob":0,"gpioc":32768,"gpiod":0,"gpioe":4352,"modeltime":0,"type":"gpio"}
,[23.4.2021 | 17:23:58] {"client-id":"4e1984a0-6db4-44f4-8d29-420be02391a2","gpioa":0,"gpiob":0,"gpioc":32768,"gpiod":0,"gpioe":4352,"modeltime":0,"type":"gpio"}
,[23.4.2021 | 17:23:58] {"client-id":"4e1984a0-6db4-44f4-8d29-420be02391a2","gpioa":0,"gpiob":0,"gpioc":32768,"gpiod":0,"gpioe":4352,"modeltime":0,"type":"gpio"}
,[23.4.2021 | 17:23:58] {"client-id":"4e1984a0-6db4-44f4-8d29-420be02391a2","gpioa":0,"gpiob":0,"gpioc":32768,"gpiod":0,"gpioe":4352,"modeltime":0,"type":"gpio"}
,[23.4.2021 | 17:23:58] {"client-id":"4e1984a0-6db4-44f4-8d29-420be02391a2","gpioa":0,"gpiob":0,"gpioc":32768,"gpiod":0,"gpioe":4352,"modeltime":0,"type":"gpio"}
,[23.4.2021 | 17:23:58] {"client-id":"4e1984a0-6db4-44f4-8d29-420be02391a2","gpioa":0,"gpiob":0,"gpioc":32768,"gpiod":0,"gpioe":4352,"modeltime":0,"type":"gpio"}
,[23.4.2021 | 17:23:59] {"client-id":"4e1984a0-6db4-44f4-8d29-420be02391a2","gpioa":0,"gpiob":0,"gpioc":32768,"gpiod":0,"gpioe":4352,"modeltime":0,"type":"gpio"}
,[23.4.2021 | 17:23:59] {"client-id":"4e1984a0-6db4-44f4-8d29-420be02391a2","gpioa":0,"gpiob":0,"gpioc":32768,"gpiod":0,"gpioe":4352,"modeltime":0,"type":"gpio"}
,[23.4.2021 | 17:23:59] {"client-id":"4e1984a0-6db4-44f4-8d29-420be02391a2","gpioa":0,"gpiob":0,"gpioc":32768,"gpiod":0,"gpioe":4352,"modeltime":0,"type":"gpio"}
,[23.4.2021 | 17:23:59] {"client-id":"4e1984a0-6db4-44f4-8d29-420be02391a2","gpioa":0,"gpiob":0,"gpioc":32768,"gpiod":0,"gpioe":4352,"modeltime":0,"type":"gpio"}
,[23.4.2021 | 17:23:59] {"client-id":"4e1984a0-6db4-44f4-8d29-420be02391a2","gpioa":0,"gpiob":0,"gpioc":32768,"gpiod":0,"gpioe":4352,"modeltime":0,"type":"gpio"}
,[23.4.2021 | 17:23:59] {"client-id":"4e1984a0-6db4-44f4-8d29-420be02391a2","gpioa":0,"gpiob":0,"gpioc":32768,"gpiod":0,"gpioe":4352,"modeltime":0,"type":"gpio"}
,[23.4.2021 | 17:23:59] {"client-id":"4e1984a0-6db4-44f4-8d29-420be02391a2","gpioa":0,"gpiob":0,"gpioc":32768,"gpiod":0,"gpioe":4352,"modeltime":0,"type":"gpio"}
,[23.4.2021 | 17:23:59] {"client-id":"4e1984a0-6db4-44f4-8d29-420be02391a2","gpioa":0,"gpiob":0,"gpioc":32768,"gpiod":0,"gpioe":4352,"modeltime":0,"type":"gpio"}
,[23.4.2021 | 17:23:59] {"client-id":"4e1984a0-6db4-44f4-8d29-420be02391a2","gpioa":0,"gpiob":0,"gpioc":32768,"gpiod":0,"gpioe":4352,"modeltime":0,"type":"gpio"}
,[23.4.2021 | 17:23:59] {"client-id":"4e1984a0-6db4-44f4-8d29-420be02391a2","gpioa":0,"gpiob":0,"gpioc":32768,"gpiod":8192,"gpioe":4352,"modeltime":0,"type":"gpio"}
,[23.4.2021 | 17:24:0] {"client-id":"4e1984a0-6db4-44f4-8d29-420be02391a2","gpioa":0,"gpiob":0,"gpioc":32768,"gpiod":8192,"gpioe":4352,"modeltime":0,"type":"gpio"}
,[23.4.2021 | 17:24:0] {"client-id":"4e1984a0-6db4-44f4-8d29-420be02391a2","gpioa":0,"gpiob":0,"gpioc":32768,"gpiod":8192,"gpioe":4352,"modeltime":0,"type":"gpio"}
,[23.4.2021 | 17:24:0] {"client-id":"4e1984a0-6db4-44f4-8d29-420be02391a2","gpioa":0,"gpiob":0,"gpioc":32768,"gpiod":8192,"gpioe":4352,"modeltime":0,"type":"gpio"}
,[23.4.2021 | 17:24:0] {"client-id":"4e1984a0-6db4-44f4-8d29-420be02391a2","gpioa":0,"gpiob":0,"gpioc":32768,"gpiod":8192,"gpioe":4352,"modeltime":0,"type":"gpio"}
,[23.4.2021 | 17:24:0] {"client-id":"4e1984a0-6db4-44f4-8d29-420be02391a2","gpioa":0,"gpiob":0,"gpioc":32768,"gpiod":8200,"gpioe":4352,"modeltime":0,"type":"gpio"}
,[23.4.2021 | 17:24:0] {"client-id":"4e1984a0-6db4-44f4-8d29-420be02391a2","gpioa":0,"gpiob":0,"gpioc":32768,"gpiod":8200,"gpioe":4352,"modeltime":0,"type":"gpio"}
,[23.4.2021 | 17:24:0] {"client-id":"4e1984a0-6db4-44f4-8d29-420be02391a2","gpioa":0,"gpiob":0,"gpioc":32768,"gpiod":8200,"gpioe":4352,"modeltime":0,"type":"gpio"}
,[23.4.2021 | 17:24:0] {"client-id":"4e1984a0-6db4-44f4-8d29-420be02391a2","gpioa":0,"gpiob":0,"gpioc":32768,"gpiod":8200,"gpioe":4352,"modeltime":0,"type":"gpio"}
,[23.4.2021 | 17:24:0] {"client-id":"4e1984a0-6db4-44f4-8d29-420be02391a2","gpioa":0,"gpiob":0,"gpioc":32768,"gpiod":8200,"gpioe":4352,"modeltime":0,"type":"gpio"}
,[23.4.2021 | 17:24:0] {"client-id":"4e1984a0-6db4-44f4-8d29-420be02391a2","gpioa":0,"gpiob":0,"gpioc":32768,"gpiod":8200,"gpioe":4352,"modeltime":0,"type":"gpio"}
,[23.4.2021 | 17:24:1] {"client-id":"4e1984a0-6db4-44f4-8d29-420be02391a2","gpioa":0,"gpiob":0,"gpioc":32768,"gpiod":8200,"gpioe":4352,"modeltime":0,"type":"gpio"}
,[23.4.2021 | 17:24:1] {"client-id":"4e1984a0-6db4-44f4-8d29-420be02391a2","gpioa":0,"gpiob":0,"gpioc":32768,"gpiod":8200,"gpioe":4352,"modeltime":0,"type":"gpio"}
,[23.4.2021 | 17:24:1] {"client-id":"4e1984a0-6db4-44f4-8d29-420be02391a2","gpioa":0,"gpiob":0,"gpioc":32768,"gpiod":8200,"gpioe":4352,"modeltime":0,"type":"gpio"}
,[23.4.2021 | 17:24:1] {"client-id":"4e1984a0-6db4-44f4-8d29-420be02391a2","gpioa":0,"gpiob":0,"gpioc":32768,"gpiod":8200,"gpioe":4352,"modeltime":0,"type":"gpio"}
,[23.4.2021 | 17:24:1] {"client-id":"4e1984a0-6db4-44f4-8d29-420be02391a2","gpioa":0,"gpiob":0,"gpioc":32768,"gpiod":8216,"gpioe":4352,"modeltime":0,"type":"gpio"}
,[23.4.2021 | 17:24:1] {"client-id":"4e1984a0-6db4-44f4-8d29-420be02391a2","gpioa":0,"gpiob":0,"gpioc":32768,"gpiod":8216,"gpioe":4352,"modeltime":0,"type":"gpio"}
,[23.4.2021 | 17:24:1] {"client-id":"4e1984a0-6db4-44f4-8d29-420be02391a2","gpioa":0,"gpiob":0,"gpioc":32768,"gpiod":8216,"gpioe":4352,"modeltime":0,"type":"gpio"}
,[23.4.2021 | 17:24:1] {"client-id":"4e1984a0-6db4-44f4-8d29-420be02391a2","gpioa":0,"gpiob":0,"gpioc":32768,"gpiod":8216,"gpioe":4352,"modeltime":0,"type":"gpio"}
,[23.4.2021 | 17:24:1] {"client-id":"4e1984a0-6db4-44f4-8d29-420be02391a2","gpioa":0,"gpiob":0,"gpioc":32768,"gpiod":8216,"gpioe":4352,"modeltime":0,"type":"gpio"}
,[23.4.2021 | 17:24:1] {"client-id":"4e1984a0-6db4-44f4-8d29-420be02391a2","gpioa":0,"gpiob":0,"gpioc":32768,"gpiod":8216,"gpioe":4352,"modeltime":0,"type":"gpio"}
,[23.4.2021 | 17:24:2] {"client-id":"4e1984a0-6db4-44f4-8d29-420be02391a2","gpioa":0,"gpiob":0,"gpioc":32768,"gpiod":8216,"gpioe":4352,"modeltime":0,"type":"gpio"}
,[23.4.2021 | 17:24:2] {"client-id":"4e1984a0-6db4-44f4-8d29-420be02391a2","gpioa":0,"gpiob":0,"gpioc":32768,"gpiod":8216,"gpioe":4352,"modeltime":0,"type":"gpio"}
,[23.4.2021 | 17:24:2] {"client-id":"4e1984a0-6db4-44f4-8d29-420be02391a2","gpioa":0,"gpiob":0,"gpioc":32768,"gpiod":8216,"gpioe":4352,"modeltime":0,"type":"gpio"}
,[23.4.2021 | 17:24:2] {"client-id":"4e1984a0-6db4-44f4-8d29-420be02391a2","gpioa":0,"gpiob":0,"gpioc":32768,"gpiod":8216,"gpioe":4352,"modeltime":0,"type":"gpio"}
,[23.4.2021 | 17:24:2] {"client-id":"4e1984a0-6db4-44f4-8d29-420be02391a2","gpioa":0,"gpiob":0,"gpioc":32768,"gpiod":8216,"gpioe":4352,"modeltime":0,"type":"gpio"}
,[23.4.2021 | 17:24:2] {"client-id":"4e1984a0-6db4-44f4-8d29-420be02391a2","gpioa":0,"gpiob":0,"gpioc":32768,"gpiod":8216,"gpioe":4352,"modeltime":0,"type":"gpio"}
,[23.4.2021 | 17:24:2] {"client-id":"4e1984a0-6db4-44f4-8d29-420be02391a2","gpioa":0,"gpiob":0,"gpioc":32768,"gpiod":8216,"gpioe":4352,"modeltime":0,"type":"gpio"}
,[23.4.2021 | 17:24:2] {"client-id":"4e1984a0-6db4-44f4-8d29-420be02391a2","gpioa":0,"gpiob":0,"gpioc":32768,"gpiod":8216,"gpioe":4352,"modeltime":0,"type":"gpio"}
,[23.4.2021 | 17:24:2] {"client-id":"4e1984a0-6db4-44f4-8d29-420be02391a2","gpioa":0,"gpiob":0,"gpioc":32768,"gpiod":8216,"gpioe":4352,"modeltime":0,"type":"gpio"}
,[23.4.2021 | 17:24:2] {"client-id":"4e1984a0-6db4-44f4-8d29-420be02391a2","gpioa":0,"gpiob":0,"gpioc":32768,"gpiod":8248,"gpioe":4352,"modeltime":0,"type":"gpio"}
,[23.4.2021 | 17:24:3] {"client-id":"4e1984a0-6db4-44f4-8d29-420be02391a2","gpioa":0,"gpiob":0,"gpioc":32768,"gpiod":8248,"gpioe":4352,"modeltime":0,"type":"gpio"}
,[23.4.2021 | 17:24:3] {"client-id":"4e1984a0-6db4-44f4-8d29-420be02391a2","gpioa":0,"gpiob":0,"gpioc":32768,"gpiod":8248,"gpioe":4352,"modeltime":0,"type":"gpio"}
,[23.4.2021 | 17:24:3] {"client-id":"4e1984a0-6db4-44f4-8d29-420be02391a2","gpioa":0,"gpiob":0,"gpioc":32768,"gpiod":8248,"gpioe":4352,"modeltime":0,"type":"gpio"}
,[23.4.2021 | 17:24:3] {"client-id":"4e1984a0-6db4-44f4-8d29-420be02391a2","gpioa":0,"gpiob":0,"gpioc":32768,"gpiod":8248,"gpioe":4352,"modeltime":0,"type":"gpio"}
,[23.4.2021 | 17:24:3] {"client-id":"4e1984a0-6db4-44f4-8d29-420be02391a2","gpioa":0,"gpiob":0,"gpioc":32768,"gpiod":8248,"gpioe":4352,"modeltime":0,"type":"gpio"}
,[23.4.2021 | 17:24:3] {"client-id":"4e1984a0-6db4-44f4-8d29-420be02391a2","gpioa":0,"gpiob":0,"gpioc":32768,"gpiod":8248,"gpioe":4352,"modeltime":0,"type":"gpio"}
,[23.4.2021 | 17:24:3] {"client-id":"4e1984a0-6db4-44f4-8d29-420be02391a2","gpioa":0,"gpiob":0,"gpioc":32768,"gpiod":8248,"gpioe":4352,"modeltime":0,"type":"gpio"}
,[23.4.2021 | 17:24:3] {"client-id":"4e1984a0-6db4-44f4-8d29-420be02391a2","gpioa":0,"gpiob":0,"gpioc":32768,"gpiod":8248,"gpioe":4352,"modeltime":0,"type":"gpio"}
,[23.4.2021 | 17:24:3] {"client-id":"4e1984a0-6db4-44f4-8d29-420be02391a2","gpioa":0,"gpiob":0,"gpioc":32768,"gpiod":8248,"gpioe":4352,"modeltime":0,"type":"gpio"}
